2020/04/22 20:44:29 Running on %s :5000
2020/04/22 20:44:29 listen tcp :5000: bind: address already in use
exit status 1
2020/04/22 20:45:23 Running on %s :5000
2020/04/22 20:45:23 listen tcp :5000: bind: address already in use
exit status 1
2020/04/22 20:45:44 Running on %s :5000
2020/04/22 20:45:44 listen tcp :5000: bind: address already in use
exit status 1
2020/04/22 20:46:05 Running on %s :5000
k: Authorization v: eyJhbGciOiJIUzI1NiIsInR5cCI6IkpXVCJ9.eyJhdWQiOiJyZWdpc3Rlcl91c2VyIiwiZXhwIjoxNTg3NTg4NjkyLCJqdGkiOiJOT1RfU0VUIiwiaWF0IjoxNTg3NTg4MzkyLCJpc3MiOiJhdXRoIiwibmJmIjoxNTg3NTg4MzkyLCJzdWIiOiJyZWdpc3RlciJ9.JKLtkVEfKTWhT2akpcOGuO2xn2TnfJhU1ovCzOPjgOc
k: Authorization v: eyJhbGciOiJIUzI1NiIsInR5cCI6IkpXVCJ9.eyJhdWQiOiJzaWduaW5fdXNlciIsImV4cCI6MTU4NzU4ODY5MiwianRpIjoiTk9UX1NFVCIsImlhdCI6MTU4NzU4ODM5MiwiaXNzIjoiYXV0aCIsIm5iZiI6MTU4NzU4ODM5Miwic3ViIjoicmVnaXN0ZXIifQ.kmUYZAbOl5x2IWZ207TR4prtwEcTM1ci6-a5CvaYHok
2020/05/30 13:24:09 Running on %s :5000
k: Authorization v: 
k: Authorization v: eyJhbGciOiJIUzI1NiIsInR5cCI6IkpXVCJ9.eyJhdWQiOiJzaWduaW5fdXNlciIsImV4cCI6MTU4NzU4ODY5MiwianRpIjoiTk9UX1NFVCIsImlhdCI6MTU4NzU4ODM5MiwiaXNzIjoiYXV0aCIsIm5iZiI6MTU4NzU4ODM5Miwic3ViIjoicmVnaXN0ZXIifQ.kmUYZAbOl5x2IWZ207TR4prtwEcTM1ci6-a5CvaYHok
k: Authorization v: eyJhbGciOiJIUzI1NiIsInR5cCI6IkpXVCJ9.eyJhdWQiOiJzaWduaW5fdXNlciIsImV4cCI6MTU4NzU4ODY5MiwianRpIjoiTk9UX1NFVCIsImlhdCI6MTU4NzU4ODM5MiwiaXNzIjoiYXV0aCIsIm5iZiI6MTU4NzU4ODM5Miwic3ViIjoicmVnaXN0ZXIifQ.kmUYZAbOl5x2IWZ207TR4prtwEcTM1ci6-a5CvaYHok
k: Authorization v: eyJhbGciOiJIUzI1NiIsInR5cCI6IkpXVCJ9.eyJhdWQiOiJzaWduaW5fdXNlciIsImV4cCI6MTU4NzU4ODY5MiwianRpIjoiTk9UX1NFVCIsImlhdCI6MTU4NzU4ODM5MiwiaXNzIjoiYXV0aCIsIm5iZiI6MTU4NzU4ODM5Miwic3ViIjoicmVnaXN0ZXIifQ.kmUYZAbOl5x2IWZ207TR4prtwEcTM1ci6-a5CvaYHok
k: Authorization v: eyJhbGciOiJIUzI1NiIsInR5cCI6IkpXVCJ9.eyJhdWQiOiJzaWduaW5fdXNlciIsImV4cCI6MTU5NzU4ODY5MiwianRpIjoiTk9UX1NFVCIsImlhdCI6MTU4NzU4ODM5MiwiaXNzIjoiYXV0aCIsIm5iZiI6MTU4NzU4ODM5Miwic3ViIjoicmVnaXN0ZXIifQ.upQt01IWvDZoX1xt3IIK-sI2zuOmYAkNpuXMy5dYWgg
k: Authorization v: eyJhbGciOiJIUzI1NiIsInR5cCI6IkpXVCJ9.eyJhdWQiOiJzaWduaW5fdXNlciIsImV4cCI6MTU5NzU4ODY5MiwianRpIjoiTk9UX1NFVCIsImlhdCI6MTU4NzU4ODM5MiwiaXNzIjoiYXV0aCIsIm5iZiI6MTU4NzU4ODM5Miwic3ViIjoicmVnaXN0ZXIifQ.upQt01IWvDZoX1xt3IIK-sI2zuOmYAkNpuXMy5dYWgg
2020/05/31 16:38:57 Running on %s :5000
stat ../../../cmd/main.go: no such file or directory
stat cmd/main.go: no such file or directory
2020/06/09 21:08:36 Running on %s :5000
came through
k: Authorization v: eyJhbGciOiJIUzI1NiIsInR5cCI6IkpXVCJ9.eyJhdWQiOiJzaWduaW5fdXNlciIsImV4cCI6MTY5ODU4ODY5MiwianRpIjoiTk9UX1NFVCIsImlhdCI6MTU4NzU4ODM5MiwiaXNzIjoiYXV0aCIsIm5iZiI6MTU4NzU4ODM5Miwic3ViIjoicmVnaXN0ZXIifQ.bQjWaMAxrl7dgK2JO5ZOBGXiGtf-O82tquyolRwYS3U
came through
k: Authorization v: eyJhbGciOiJIUzI1NiIsInR5cCI6IkpXVCJ9.eyJhdWQiOiJzaWduaW5fdXNlciIsImV4cCI6MTY5ODU4ODY5MiwianRpIjoiTk9UX1NFVCIsImlhdCI6MTU4NzU4ODM5MiwiaXNzIjoiYXV0aCIsIm5iZiI6MTU4NzU4ODM5Miwic3ViIjoicmVnaXN0ZXIifQ.bQjWaMAxrl7dgK2JO5ZOBGXiGtf-O82tquyolRwYS3U
came through
k: Authorization v: eyJhbGciOiJIUzI1NiIsInR5cCI6IkpXVCJ9.eyJhdWQiOiJzaWduaW5fdXNlciIsImV4cCI6MTY5ODU4ODY5MiwianRpIjoiTk9UX1NFVCIsImlhdCI6MTU4NzU4ODM5MiwiaXNzIjoiYXV0aCIsIm5iZiI6MTU4NzU4ODM5Miwic3ViIjoicmVnaXN0ZXIifQ.bQjWaMAxrl7dgK2JO5ZOBGXiGtf-O82tquyolRwYS3U
came through
k: Authorization v: 
came through
k: Authorization v: 
came through
k: Authorization v: 
came through
k: Authorization v: 
came through
k: Authorization v: 
came through
k: Authorization v: 
came through
k: Authorization v: 
came through
k: Authorization v: eyJhbGciOiJIUzI1NiIsInR5cCI6IkpXVCJ9.eyJhdWQiOiJzaWduaW5fdXNlciIsImV4cCI6MTY5ODU4ODY5MiwianRpIjoiTk9UX1NFVCIsImlhdCI6MTU4NzU4ODM5MiwiaXNzIjoiYXV0aCIsIm5iZiI6MTU4NzU4ODM5Miwic3ViIjoicmVnaXN0ZXIifQ.bQjWaMAxrl7dgK2JO5ZOBGXiGtf-O82tquyolRwYS3U
came through
k: Authorization v: eyJhbGciOiJIUzI1NiIsInR5cCI6IkpXVCJ9.eyJhdWQiOiJzaWduaW5fdXNlciIsImV4cCI6MTY5ODU4ODY5MiwianRpIjoiTk9UX1NFVCIsImlhdCI6MTU4NzU4ODM5MiwiaXNzIjoiYXV0aCIsIm5iZiI6MTU4NzU4ODM5Miwic3ViIjoicmVnaXN0ZXIifQ.bQjWaMAxrl7dgK2JO5ZOBGXiGtf-O82tquyolRwYS3U
came through
k: Authorization v: eyJhbGciOiJIUzI1NiIsInR5cCI6IkpXVCJ9.eyJhdWQiOiJzaWduaW5fdXNlciIsImV4cCI6MTY5ODU4ODY5MiwianRpIjoiTk9UX1NFVCIsImlhdCI6MTU4NzU4ODM5MiwiaXNzIjoiYXV0aCIsIm5iZiI6MTU4NzU4ODM5Miwic3ViIjoicmVnaXN0ZXIifQ.bQjWaMAxrl7dgK2JO5ZOBGXiGtf-O82tquyolRwYS3U
came through
k: Authorization v: eyJhbGciOiJIUzI1NiIsInR5cCI6IkpXVCJ9.eyJhdWQiOiJjcnVkIiwiZXhwIjoxNTkxOTU3MzEwLCJqdGkiOiJOT1RfU0VUIiwiaWF0IjoxNTkxNzQxMzEwLCJpc3MiOiJhdXRoIiwibmJmIjoxNTkxNzQxMzEwLCJzdWIiOiJuZXh0QGdtYWlsLmNvbSJ9.xyagd6VEouTNPzNrqp0TMNBoZsD_E1Df1P1Mu-8hbcM
came through
k: Authorization v: eyJhbGciOiJIUzI1NiIsInR5cCI6IkpXVCJ9.eyJhdWQiOiJjcnVkIiwiZXhwIjoxNTkxOTU3MzEwLCJqdGkiOiJOT1RfU0VUIiwiaWF0IjoxNTkxNzQxMzEwLCJpc3MiOiJhdXRoIiwibmJmIjoxNTkxNzQxMzEwLCJzdWIiOiJuZXh0QGdtYWlsLmNvbSJ9.xyagd6VEouTNPzNrqp0TMNBoZsD_E1Df1P1Mu-8hbcM
came through
k: Authorization v: eyJhbGciOiJIUzI1NiIsInR5cCI6IkpXVCJ9.eyJhdWQiOiJjcnVkIiwiZXhwIjoxNTkxOTU3MzEwLCJqdGkiOiJOT1RfU0VUIiwiaWF0IjoxNTkxNzQxMzEwLCJpc3MiOiJhdXRoIiwibmJmIjoxNTkxNzQxMzEwLCJzdWIiOiJuZXh0QGdtYWlsLmNvbSJ9.xyagd6VEouTNPzNrqp0TMNBoZsD_E1Df1P1Mu-8hbcM
came through
k: Authorization v: eyJhbGciOiJIUzI1NiIsInR5cCI6IkpXVCJ9.eyJhdWQiOiJzaWduaW5fdXNlciIsImV4cCI6MTY5ODU4ODY5MiwianRpIjoiTk9UX1NFVCIsImlhdCI6MTU4NzU4ODM5MiwiaXNzIjoiYXV0aCIsIm5iZiI6MTU4NzU4ODM5Miwic3ViIjoicmVnaXN0ZXIifQ.bQjWaMAxrl7dgK2JO5ZOBGXiGtf-O82tquyolRwYS3U
came through
k: Authorization v: eyJhbGciOiJIUzI1NiIsInR5cCI6IkpXVCJ9.eyJhdWQiOiJzaWduaW5fdXNlciIsImV4cCI6MTY5ODU4ODY5MiwianRpIjoiTk9UX1NFVCIsImlhdCI6MTU4NzU4ODM5MiwiaXNzIjoiYXV0aCIsIm5iZiI6MTU4NzU4ODM5Miwic3ViIjoicmVnaXN0ZXIifQ.bQjWaMAxrl7dgK2JO5ZOBGXiGtf-O82tquyolRwYS3U
came through
k: Authorization v: eyJhbGciOiJIUzI1NiIsInR5cCI6IkpXVCJ9.eyJhdWQiOiJzaWduaW5fdXNlciIsImV4cCI6MTY5ODU4ODY5MiwianRpIjoiTk9UX1NFVCIsImlhdCI6MTU4NzU4ODM5MiwiaXNzIjoiYXV0aCIsIm5iZiI6MTU4NzU4ODM5Miwic3ViIjoicmVnaXN0ZXIifQ.bQjWaMAxrl7dgK2JO5ZOBGXiGtf-O82tquyolRwYS3U
came through
k: Authorization v: eyJhbGciOiJIUzI1NiIsInR5cCI6IkpXVCJ9.eyJhdWQiOiJzaWduaW5fdXNlciIsImV4cCI6MTY5ODU4ODY5MiwianRpIjoiTk9UX1NFVCIsImlhdCI6MTU4NzU4ODM5MiwiaXNzIjoiYXV0aCIsIm5iZiI6MTU4NzU4ODM5Miwic3ViIjoicmVnaXN0ZXIifQ.bQjWaMAxrl7dgK2JO5ZOBGXiGtf-O82tquyolRwYS3U
came through
k: Authorization v: eyJhbGciOiJIUzI1NiIsInR5cCI6IkpXVCJ9.eyJhdWQiOiJzaWduaW5fdXNlciIsImV4cCI6MTY5ODU4ODY5MiwianRpIjoiTk9UX1NFVCIsImlhdCI6MTU4NzU4ODM5MiwiaXNzIjoiYXV0aCIsIm5iZiI6MTU4NzU4ODM5Miwic3ViIjoicmVnaXN0ZXIifQ.bQjWaMAxrl7dgK2JO5ZOBGXiGtf-O82tquyolRwYS3U
came through
k: Authorization v: eyJhbGciOiJIUzI1NiIsInR5cCI6IkpXVCJ9.eyJhdWQiOiJzaWduaW5fdXNlciIsImV4cCI6MTY5ODU4ODY5MiwianRpIjoiTk9UX1NFVCIsImlhdCI6MTU4NzU4ODM5MiwiaXNzIjoiYXV0aCIsIm5iZiI6MTU4NzU4ODM5Miwic3ViIjoicmVnaXN0ZXIifQ.bQjWaMAxrl7dgK2JO5ZOBGXiGtf-O82tquyolRwYS3U
came through
k: Authorization v: eyJhbGciOiJIUzI1NiIsInR5cCI6IkpXVCJ9.eyJhdWQiOiJzaWduaW5fdXNlciIsImV4cCI6MTY5ODU4ODY5MiwianRpIjoiTk9UX1NFVCIsImlhdCI6MTU4NzU4ODM5MiwiaXNzIjoiYXV0aCIsIm5iZiI6MTU4NzU4ODM5Miwic3ViIjoicmVnaXN0ZXIifQ.bQjWaMAxrl7dgK2JO5ZOBGXiGtf-O82tquyolRwYS3U
came through
k: Authorization v: eyJhbGciOiJIUzI1NiIsInR5cCI6IkpXVCJ9.eyJhdWQiOiJzaWduaW5fdXNlciIsImV4cCI6MTY5ODU4ODY5MiwianRpIjoiTk9UX1NFVCIsImlhdCI6MTU4NzU4ODM5MiwiaXNzIjoiYXV0aCIsIm5iZiI6MTU4NzU4ODM5Miwic3ViIjoicmVnaXN0ZXIifQ.bQjWaMAxrl7dgK2JO5ZOBGXiGtf-O82tquyolRwYS3U
came through
k: Authorization v: eyJhbGciOiJIUzI1NiIsInR5cCI6IkpXVCJ9.eyJhdWQiOiJzaWduaW5fdXNlciIsImV4cCI6MTY5ODU4ODY5MiwianRpIjoiTk9UX1NFVCIsImlhdCI6MTU4NzU4ODM5MiwiaXNzIjoiYXV0aCIsIm5iZiI6MTU4NzU4ODM5Miwic3ViIjoicmVnaXN0ZXIifQ.bQjWaMAxrl7dgK2JO5ZOBGXiGtf-O82tquyolRwYS3U
came through
k: Authorization v: eyJhbGciOiJIUzI1NiIsInR5cCI6IkpXVCJ9.eyJhdWQiOiJzaWduaW5fdXNlciIsImV4cCI6MTY5ODU4ODY5MiwianRpIjoiTk9UX1NFVCIsImlhdCI6MTU4NzU4ODM5MiwiaXNzIjoiYXV0aCIsIm5iZiI6MTU4NzU4ODM5Miwic3ViIjoicmVnaXN0ZXIifQ.bQjWaMAxrl7dgK2JO5ZOBGXiGtf-O82tquyolRwYS3U
came through
k: Authorization v: eyJhbGciOiJIUzI1NiIsInR5cCI6IkpXVCJ9.eyJhdWQiOiJzaWduaW5fdXNlciIsImV4cCI6MTY5ODU4ODY5MiwianRpIjoiTk9UX1NFVCIsImlhdCI6MTU4NzU4ODM5MiwiaXNzIjoiYXV0aCIsIm5iZiI6MTU4NzU4ODM5Miwic3ViIjoicmVnaXN0ZXIifQ.bQjWaMAxrl7dgK2JO5ZOBGXiGtf-O82tquyolRwYS3U
came through
k: Authorization v: eyJhbGciOiJIUzI1NiIsInR5cCI6IkpXVCJ9.eyJhdWQiOiJzaWduaW5fdXNlciIsImV4cCI6MTY5ODU4ODY5MiwianRpIjoiTk9UX1NFVCIsImlhdCI6MTU4NzU4ODM5MiwiaXNzIjoiYXV0aCIsIm5iZiI6MTU4NzU4ODM5Miwic3ViIjoicmVnaXN0ZXIifQ.bQjWaMAxrl7dgK2JO5ZOBGXiGtf-O82tquyolRwYS3U
came through
k: Authorization v: eyJhbGciOiJIUzI1NiIsInR5cCI6IkpXVCJ9.eyJhdWQiOiJzaWduaW5fdXNlciIsImV4cCI6MTY5ODU4ODY5MiwianRpIjoiTk9UX1NFVCIsImlhdCI6MTU4NzU4ODM5MiwiaXNzIjoiYXV0aCIsIm5iZiI6MTU4NzU4ODM5Miwic3ViIjoicmVnaXN0ZXIifQ.bQjWaMAxrl7dgK2JO5ZOBGXiGtf-O82tquyolRwYS3U
came through
k: Authorization v: eyJhbGciOiJIUzI1NiIsInR5cCI6IkpXVCJ9.eyJhdWQiOiJzaWduaW5fdXNlciIsImV4cCI6MTY5ODU4ODY5MiwianRpIjoiTk9UX1NFVCIsImlhdCI6MTU4NzU4ODM5MiwiaXNzIjoiYXV0aCIsIm5iZiI6MTU4NzU4ODM5Miwic3ViIjoicmVnaXN0ZXIifQ.bQjWaMAxrl7dgK2JO5ZOBGXiGtf-O82tquyolRwYS3U
came through
k: Authorization v: eyJhbGciOiJIUzI1NiIsInR5cCI6IkpXVCJ9.eyJhdWQiOiJzaWduaW5fdXNlciIsImV4cCI6MTY5ODU4ODY5MiwianRpIjoiTk9UX1NFVCIsImlhdCI6MTU4NzU4ODM5MiwiaXNzIjoiYXV0aCIsIm5iZiI6MTU4NzU4ODM5Miwic3ViIjoicmVnaXN0ZXIifQ.bQjWaMAxrl7dgK2JO5ZOBGXiGtf-O82tquyolRwYS3U
came through
k: Authorization v: eyJhbGciOiJIUzI1NiIsInR5cCI6IkpXVCJ9.eyJhdWQiOiJzaWduaW5fdXNlciIsImV4cCI6MTY5ODU4ODY5MiwianRpIjoiTk9UX1NFVCIsImlhdCI6MTU4NzU4ODM5MiwiaXNzIjoiYXV0aCIsIm5iZiI6MTU4NzU4ODM5Miwic3ViIjoicmVnaXN0ZXIifQ.bQjWaMAxrl7dgK2JO5ZOBGXiGtf-O82tquyolRwYS3U
came through
k: Authorization v: eyJhbGciOiJIUzI1NiIsInR5cCI6IkpXVCJ9.eyJhdWQiOiJzaWduaW5fdXNlciIsImV4cCI6MTY5ODU4ODY5MiwianRpIjoiTk9UX1NFVCIsImlhdCI6MTU4NzU4ODM5MiwiaXNzIjoiYXV0aCIsIm5iZiI6MTU4NzU4ODM5Miwic3ViIjoicmVnaXN0ZXIifQ.bQjWaMAxrl7dgK2JO5ZOBGXiGtf-O82tquyolRwYS3U
came through
k: Authorization v: eyJhbGciOiJIUzI1NiIsInR5cCI6IkpXVCJ9.eyJhdWQiOiJzaWduaW5fdXNlciIsImV4cCI6MTY5ODU4ODY5MiwianRpIjoiTk9UX1NFVCIsImlhdCI6MTU4NzU4ODM5MiwiaXNzIjoiYXV0aCIsIm5iZiI6MTU4NzU4ODM5Miwic3ViIjoicmVnaXN0ZXIifQ.bQjWaMAxrl7dgK2JO5ZOBGXiGtf-O82tquyolRwYS3U
came through
k: Authorization v: eyJhbGciOiJIUzI1NiIsInR5cCI6IkpXVCJ9.eyJhdWQiOiJzaWduaW5fdXNlciIsImV4cCI6MTY5ODU4ODY5MiwianRpIjoiTk9UX1NFVCIsImlhdCI6MTU4NzU4ODM5MiwiaXNzIjoiYXV0aCIsIm5iZiI6MTU4NzU4ODM5Miwic3ViIjoicmVnaXN0ZXIifQ.bQjWaMAxrl7dgK2JO5ZOBGXiGtf-O82tquyolRwYS3U
came through
k: Authorization v: eyJhbGciOiJIUzI1NiIsInR5cCI6IkpXVCJ9.eyJhdWQiOiJzaWduaW5fdXNlciIsImV4cCI6MTY5ODU4ODY5MiwianRpIjoiTk9UX1NFVCIsImlhdCI6MTU4NzU4ODM5MiwiaXNzIjoiYXV0aCIsIm5iZiI6MTU4NzU4ODM5Miwic3ViIjoicmVnaXN0ZXIifQ.bQjWaMAxrl7dgK2JO5ZOBGXiGtf-O82tquyolRwYS3U
came through
k: Authorization v: eyJhbGciOiJIUzI1NiIsInR5cCI6IkpXVCJ9.eyJhdWQiOiJzaWduaW5fdXNlciIsImV4cCI6MTY5ODU4ODY5MiwianRpIjoiTk9UX1NFVCIsImlhdCI6MTU4NzU4ODM5MiwiaXNzIjoiYXV0aCIsIm5iZiI6MTU4NzU4ODM5Miwic3ViIjoicmVnaXN0ZXIifQ.bQjWaMAxrl7dgK2JO5ZOBGXiGtf-O82tquyolRwYS3U
came through
k: Authorization v: eyJhbGciOiJIUzI1NiIsInR5cCI6IkpXVCJ9.eyJhdWQiOiJzaWduaW5fdXNlciIsImV4cCI6MTY5ODU4ODY5MiwianRpIjoiTk9UX1NFVCIsImlhdCI6MTU4NzU4ODM5MiwiaXNzIjoiYXV0aCIsIm5iZiI6MTU4NzU4ODM5Miwic3ViIjoicmVnaXN0ZXIifQ.bQjWaMAxrl7dgK2JO5ZOBGXiGtf-O82tquyolRwYS3U
came through
k: Authorization v: eyJhbGciOiJIUzI1NiIsInR5cCI6IkpXVCJ9.eyJhdWQiOiJzaWduaW5fdXNlciIsImV4cCI6MTY5ODU4ODY5MiwianRpIjoiTk9UX1NFVCIsImlhdCI6MTU4NzU4ODM5MiwiaXNzIjoiYXV0aCIsIm5iZiI6MTU4NzU4ODM5Miwic3ViIjoicmVnaXN0ZXIifQ.bQjWaMAxrl7dgK2JO5ZOBGXiGtf-O82tquyolRwYS3U
came through
k: Authorization v: eyJhbGciOiJIUzI1NiIsInR5cCI6IkpXVCJ9.eyJhdWQiOiJzaWduaW5fdXNlciIsImV4cCI6MTY5ODU4ODY5MiwianRpIjoiTk9UX1NFVCIsImlhdCI6MTU4NzU4ODM5MiwiaXNzIjoiYXV0aCIsIm5iZiI6MTU4NzU4ODM5Miwic3ViIjoicmVnaXN0ZXIifQ.bQjWaMAxrl7dgK2JO5ZOBGXiGtf-O82tquyolRwYS3U
came through
k: Authorization v: eyJhbGciOiJIUzI1NiIsInR5cCI6IkpXVCJ9.eyJhdWQiOiJzaWduaW5fdXNlciIsImV4cCI6MTY5ODU4ODY5MiwianRpIjoiTk9UX1NFVCIsImlhdCI6MTU4NzU4ODM5MiwiaXNzIjoiYXV0aCIsIm5iZiI6MTU4NzU4ODM5Miwic3ViIjoicmVnaXN0ZXIifQ.bQjWaMAxrl7dgK2JO5ZOBGXiGtf-O82tquyolRwYS3U
came through
k: Authorization v: eyJhbGciOiJIUzI1NiIsInR5cCI6IkpXVCJ9.eyJhdWQiOiJzaWduaW5fdXNlciIsImV4cCI6MTY5ODU4ODY5MiwianRpIjoiTk9UX1NFVCIsImlhdCI6MTU4NzU4ODM5MiwiaXNzIjoiYXV0aCIsIm5iZiI6MTU4NzU4ODM5Miwic3ViIjoicmVnaXN0ZXIifQ.bQjWaMAxrl7dgK2JO5ZOBGXiGtf-O82tquyolRwYS3U
came through
k: Authorization v: eyJhbGciOiJIUzI1NiIsInR5cCI6IkpXVCJ9.eyJhdWQiOiJzaWduaW5fdXNlciIsImV4cCI6MTY5ODU4ODY5MiwianRpIjoiTk9UX1NFVCIsImlhdCI6MTU4NzU4ODM5MiwiaXNzIjoiYXV0aCIsIm5iZiI6MTU4NzU4ODM5Miwic3ViIjoicmVnaXN0ZXIifQ.bQjWaMAxrl7dgK2JO5ZOBGXiGtf-O82tquyolRwYS3U
came through
k: Authorization v: eyJhbGciOiJIUzI1NiIsInR5cCI6IkpXVCJ9.eyJhdWQiOiJzaWduaW5fdXNlciIsImV4cCI6MTY5ODU4ODY5MiwianRpIjoiTk9UX1NFVCIsImlhdCI6MTU4NzU4ODM5MiwiaXNzIjoiYXV0aCIsIm5iZiI6MTU4NzU4ODM5Miwic3ViIjoicmVnaXN0ZXIifQ.bQjWaMAxrl7dgK2JO5ZOBGXiGtf-O82tquyolRwYS3U
came through
k: Authorization v: eyJhbGciOiJIUzI1NiIsInR5cCI6IkpXVCJ9.eyJhdWQiOiJzaWduaW5fdXNlciIsImV4cCI6MTY5ODU4ODY5MiwianRpIjoiTk9UX1NFVCIsImlhdCI6MTU4NzU4ODM5MiwiaXNzIjoiYXV0aCIsIm5iZiI6MTU4NzU4ODM5Miwic3ViIjoicmVnaXN0ZXIifQ.bQjWaMAxrl7dgK2JO5ZOBGXiGtf-O82tquyolRwYS3U
came through
k: Authorization v: eyJhbGciOiJIUzI1NiIsInR5cCI6IkpXVCJ9.eyJhdWQiOiJzaWduaW5fdXNlciIsImV4cCI6MTY5ODU4ODY5MiwianRpIjoiTk9UX1NFVCIsImlhdCI6MTU4NzU4ODM5MiwiaXNzIjoiYXV0aCIsIm5iZiI6MTU4NzU4ODM5Miwic3ViIjoicmVnaXN0ZXIifQ.bQjWaMAxrl7dgK2JO5ZOBGXiGtf-O82tquyolRwYS3U
came through
k: Authorization v: eyJhbGciOiJIUzI1NiIsInR5cCI6IkpXVCJ9.eyJhdWQiOiJzaWduaW5fdXNlciIsImV4cCI6MTY5ODU4ODY5MiwianRpIjoiTk9UX1NFVCIsImlhdCI6MTU4NzU4ODM5MiwiaXNzIjoiYXV0aCIsIm5iZiI6MTU4NzU4ODM5Miwic3ViIjoicmVnaXN0ZXIifQ.bQjWaMAxrl7dgK2JO5ZOBGXiGtf-O82tquyolRwYS3U
came through
k: Authorization v: eyJhbGciOiJIUzI1NiIsInR5cCI6IkpXVCJ9.eyJhdWQiOiJzaWduaW5fdXNlciIsImV4cCI6MTY5ODU4ODY5MiwianRpIjoiTk9UX1NFVCIsImlhdCI6MTU4NzU4ODM5MiwiaXNzIjoiYXV0aCIsIm5iZiI6MTU4NzU4ODM5Miwic3ViIjoicmVnaXN0ZXIifQ.bQjWaMAxrl7dgK2JO5ZOBGXiGtf-O82tquyolRwYS3U
came through
k: Authorization v: eyJhbGciOiJIUzI1NiIsInR5cCI6IkpXVCJ9.eyJhdWQiOiJzaWduaW5fdXNlciIsImV4cCI6MTY5ODU4ODY5MiwianRpIjoiTk9UX1NFVCIsImlhdCI6MTU4NzU4ODM5MiwiaXNzIjoiYXV0aCIsIm5iZiI6MTU4NzU4ODM5Miwic3ViIjoicmVnaXN0ZXIifQ.bQjWaMAxrl7dgK2JO5ZOBGXiGtf-O82tquyolRwYS3U
came through
k: Authorization v: eyJhbGciOiJIUzI1NiIsInR5cCI6IkpXVCJ9.eyJhdWQiOiJzaWduaW5fdXNlciIsImV4cCI6MTY5ODU4ODY5MiwianRpIjoiTk9UX1NFVCIsImlhdCI6MTU4NzU4ODM5MiwiaXNzIjoiYXV0aCIsIm5iZiI6MTU4NzU4ODM5Miwic3ViIjoicmVnaXN0ZXIifQ.bQjWaMAxrl7dgK2JO5ZOBGXiGtf-O82tquyolRwYS3U
came through
k: Authorization v: eyJhbGciOiJIUzI1NiIsInR5cCI6IkpXVCJ9.eyJhdWQiOiJzaWduaW5fdXNlciIsImV4cCI6MTY5ODU4ODY5MiwianRpIjoiTk9UX1NFVCIsImlhdCI6MTU4NzU4ODM5MiwiaXNzIjoiYXV0aCIsIm5iZiI6MTU4NzU4ODM5Miwic3ViIjoicmVnaXN0ZXIifQ.bQjWaMAxrl7dgK2JO5ZOBGXiGtf-O82tquyolRwYS3U
came through
k: Authorization v: eyJhbGciOiJIUzI1NiIsInR5cCI6IkpXVCJ9.eyJhdWQiOiJzaWduaW5fdXNlciIsImV4cCI6MTY5ODU4ODY5MiwianRpIjoiTk9UX1NFVCIsImlhdCI6MTU4NzU4ODM5MiwiaXNzIjoiYXV0aCIsIm5iZiI6MTU4NzU4ODM5Miwic3ViIjoicmVnaXN0ZXIifQ.bQjWaMAxrl7dgK2JO5ZOBGXiGtf-O82tquyolRwYS3U
came through
k: Authorization v: eyJhbGciOiJIUzI1NiIsInR5cCI6IkpXVCJ9.eyJhdWQiOiJzaWduaW5fdXNlciIsImV4cCI6MTY5ODU4ODY5MiwianRpIjoiTk9UX1NFVCIsImlhdCI6MTU4NzU4ODM5MiwiaXNzIjoiYXV0aCIsIm5iZiI6MTU4NzU4ODM5Miwic3ViIjoicmVnaXN0ZXIifQ.bQjWaMAxrl7dgK2JO5ZOBGXiGtf-O82tquyolRwYS3U
came through
k: Authorization v: eyJhbGciOiJIUzI1NiIsInR5cCI6IkpXVCJ9.eyJhdWQiOiJzaWduaW5fdXNlciIsImV4cCI6MTY5ODU4ODY5MiwianRpIjoiTk9UX1NFVCIsImlhdCI6MTU4NzU4ODM5MiwiaXNzIjoiYXV0aCIsIm5iZiI6MTU4NzU4ODM5Miwic3ViIjoicmVnaXN0ZXIifQ.bQjWaMAxrl7dgK2JO5ZOBGXiGtf-O82tquyolRwYS3U
came through
k: Authorization v: eyJhbGciOiJIUzI1NiIsInR5cCI6IkpXVCJ9.eyJhdWQiOiJzaWduaW5fdXNlciIsImV4cCI6MTY5ODU4ODY5MiwianRpIjoiTk9UX1NFVCIsImlhdCI6MTU4NzU4ODM5MiwiaXNzIjoiYXV0aCIsIm5iZiI6MTU4NzU4ODM5Miwic3ViIjoicmVnaXN0ZXIifQ.bQjWaMAxrl7dgK2JO5ZOBGXiGtf-O82tquyolRwYS3U
came through
k: Authorization v: eyJhbGciOiJIUzI1NiIsInR5cCI6IkpXVCJ9.eyJhdWQiOiJzaWduaW5fdXNlciIsImV4cCI6MTY5ODU4ODY5MiwianRpIjoiTk9UX1NFVCIsImlhdCI6MTU4NzU4ODM5MiwiaXNzIjoiYXV0aCIsIm5iZiI6MTU4NzU4ODM5Miwic3ViIjoicmVnaXN0ZXIifQ.bQjWaMAxrl7dgK2JO5ZOBGXiGtf-O82tquyolRwYS3U
came through
k: Authorization v: eyJhbGciOiJIUzI1NiIsInR5cCI6IkpXVCJ9.eyJhdWQiOiJzaWduaW5fdXNlciIsImV4cCI6MTY5ODU4ODY5MiwianRpIjoiTk9UX1NFVCIsImlhdCI6MTU4NzU4ODM5MiwiaXNzIjoiYXV0aCIsIm5iZiI6MTU4NzU4ODM5Miwic3ViIjoicmVnaXN0ZXIifQ.bQjWaMAxrl7dgK2JO5ZOBGXiGtf-O82tquyolRwYS3U
came through
k: Authorization v: eyJhbGciOiJIUzI1NiIsInR5cCI6IkpXVCJ9.eyJhdWQiOiJzaWduaW5fdXNlciIsImV4cCI6MTY5ODU4ODY5MiwianRpIjoiTk9UX1NFVCIsImlhdCI6MTU4NzU4ODM5MiwiaXNzIjoiYXV0aCIsIm5iZiI6MTU4NzU4ODM5Miwic3ViIjoicmVnaXN0ZXIifQ.bQjWaMAxrl7dgK2JO5ZOBGXiGtf-O82tquyolRwYS3U
came through
k: Authorization v: eyJhbGciOiJIUzI1NiIsInR5cCI6IkpXVCJ9.eyJhdWQiOiJzaWduaW5fdXNlciIsImV4cCI6MTY5ODU4ODY5MiwianRpIjoiTk9UX1NFVCIsImlhdCI6MTU4NzU4ODM5MiwiaXNzIjoiYXV0aCIsIm5iZiI6MTU4NzU4ODM5Miwic3ViIjoicmVnaXN0ZXIifQ.bQjWaMAxrl7dgK2JO5ZOBGXiGtf-O82tquyolRwYS3U
came through
k: Authorization v: eyJhbGciOiJIUzI1NiIsInR5cCI6IkpXVCJ9.eyJhdWQiOiJzaWduaW5fdXNlciIsImV4cCI6MTY5ODU4ODY5MiwianRpIjoiTk9UX1NFVCIsImlhdCI6MTU4NzU4ODM5MiwiaXNzIjoiYXV0aCIsIm5iZiI6MTU4NzU4ODM5Miwic3ViIjoicmVnaXN0ZXIifQ.bQjWaMAxrl7dgK2JO5ZOBGXiGtf-O82tquyolRwYS3U
came through
k: Authorization v: eyJhbGciOiJIUzI1NiIsInR5cCI6IkpXVCJ9.eyJhdWQiOiJzaWduaW5fdXNlciIsImV4cCI6MTY5ODU4ODY5MiwianRpIjoiTk9UX1NFVCIsImlhdCI6MTU4NzU4ODM5MiwiaXNzIjoiYXV0aCIsIm5iZiI6MTU4NzU4ODM5Miwic3ViIjoicmVnaXN0ZXIifQ.bQjWaMAxrl7dgK2JO5ZOBGXiGtf-O82tquyolRwYS3U
came through
k: Authorization v: eyJhbGciOiJIUzI1NiIsInR5cCI6IkpXVCJ9.eyJhdWQiOiJzaWduaW5fdXNlciIsImV4cCI6MTY5ODU4ODY5MiwianRpIjoiTk9UX1NFVCIsImlhdCI6MTU4NzU4ODM5MiwiaXNzIjoiYXV0aCIsIm5iZiI6MTU4NzU4ODM5Miwic3ViIjoicmVnaXN0ZXIifQ.bQjWaMAxrl7dgK2JO5ZOBGXiGtf-O82tquyolRwYS3U
came through
k: Authorization v: eyJhbGciOiJIUzI1NiIsInR5cCI6IkpXVCJ9.eyJhdWQiOiJzaWduaW5fdXNlciIsImV4cCI6MTY5ODU4ODY5MiwianRpIjoiTk9UX1NFVCIsImlhdCI6MTU4NzU4ODM5MiwiaXNzIjoiYXV0aCIsIm5iZiI6MTU4NzU4ODM5Miwic3ViIjoicmVnaXN0ZXIifQ.bQjWaMAxrl7dgK2JO5ZOBGXiGtf-O82tquyolRwYS3U
came through
k: Authorization v: eyJhbGciOiJIUzI1NiIsInR5cCI6IkpXVCJ9.eyJhdWQiOiJzaWduaW5fdXNlciIsImV4cCI6MTY5ODU4ODY5MiwianRpIjoiTk9UX1NFVCIsImlhdCI6MTU4NzU4ODM5MiwiaXNzIjoiYXV0aCIsIm5iZiI6MTU4NzU4ODM5Miwic3ViIjoicmVnaXN0ZXIifQ.bQjWaMAxrl7dgK2JO5ZOBGXiGtf-O82tquyolRwYS3U
came through
k: Authorization v: eyJhbGciOiJIUzI1NiIsInR5cCI6IkpXVCJ9.eyJhdWQiOiJzaWduaW5fdXNlciIsImV4cCI6MTY5ODU4ODY5MiwianRpIjoiTk9UX1NFVCIsImlhdCI6MTU4NzU4ODM5MiwiaXNzIjoiYXV0aCIsIm5iZiI6MTU4NzU4ODM5Miwic3ViIjoicmVnaXN0ZXIifQ.bQjWaMAxrl7dgK2JO5ZOBGXiGtf-O82tquyolRwYS3U
came through
k: Authorization v: eyJhbGciOiJIUzI1NiIsInR5cCI6IkpXVCJ9.eyJhdWQiOiJzaWduaW5fdXNlciIsImV4cCI6MTY5ODU4ODY5MiwianRpIjoiTk9UX1NFVCIsImlhdCI6MTU4NzU4ODM5MiwiaXNzIjoiYXV0aCIsIm5iZiI6MTU4NzU4ODM5Miwic3ViIjoicmVnaXN0ZXIifQ.bQjWaMAxrl7dgK2JO5ZOBGXiGtf-O82tquyolRwYS3U
came through
k: Authorization v: eyJhbGciOiJIUzI1NiIsInR5cCI6IkpXVCJ9.eyJhdWQiOiJzaWduaW5fdXNlciIsImV4cCI6MTY5ODU4ODY5MiwianRpIjoiTk9UX1NFVCIsImlhdCI6MTU4NzU4ODM5MiwiaXNzIjoiYXV0aCIsIm5iZiI6MTU4NzU4ODM5Miwic3ViIjoicmVnaXN0ZXIifQ.bQjWaMAxrl7dgK2JO5ZOBGXiGtf-O82tquyolRwYS3U
came through
k: Authorization v: eyJhbGciOiJIUzI1NiIsInR5cCI6IkpXVCJ9.eyJhdWQiOiJzaWduaW5fdXNlciIsImV4cCI6MTY5ODU4ODY5MiwianRpIjoiTk9UX1NFVCIsImlhdCI6MTU4NzU4ODM5MiwiaXNzIjoiYXV0aCIsIm5iZiI6MTU4NzU4ODM5Miwic3ViIjoicmVnaXN0ZXIifQ.bQjWaMAxrl7dgK2JO5ZOBGXiGtf-O82tquyolRwYS3U
came through
k: Authorization v: eyJhbGciOiJIUzI1NiIsInR5cCI6IkpXVCJ9.eyJhdWQiOiJzaWduaW5fdXNlciIsImV4cCI6MTY5ODU4ODY5MiwianRpIjoiTk9UX1NFVCIsImlhdCI6MTU4NzU4ODM5MiwiaXNzIjoiYXV0aCIsIm5iZiI6MTU4NzU4ODM5Miwic3ViIjoicmVnaXN0ZXIifQ.bQjWaMAxrl7dgK2JO5ZOBGXiGtf-O82tquyolRwYS3U
came through
k: Authorization v: eyJhbGciOiJIUzI1NiIsInR5cCI6IkpXVCJ9.eyJhdWQiOiJzaWduaW5fdXNlciIsImV4cCI6MTY5ODU4ODY5MiwianRpIjoiTk9UX1NFVCIsImlhdCI6MTU4NzU4ODM5MiwiaXNzIjoiYXV0aCIsIm5iZiI6MTU4NzU4ODM5Miwic3ViIjoicmVnaXN0ZXIifQ.bQjWaMAxrl7dgK2JO5ZOBGXiGtf-O82tquyolRwYS3U
came through
k: Authorization v: eyJhbGciOiJIUzI1NiIsInR5cCI6IkpXVCJ9.eyJhdWQiOiJzaWduaW5fdXNlciIsImV4cCI6MTY5ODU4ODY5MiwianRpIjoiTk9UX1NFVCIsImlhdCI6MTU4NzU4ODM5MiwiaXNzIjoiYXV0aCIsIm5iZiI6MTU4NzU4ODM5Miwic3ViIjoicmVnaXN0ZXIifQ.bQjWaMAxrl7dgK2JO5ZOBGXiGtf-O82tquyolRwYS3U
came through
k: Authorization v: eyJhbGciOiJIUzI1NiIsInR5cCI6IkpXVCJ9.eyJhdWQiOiJzaWduaW5fdXNlciIsImV4cCI6MTY5ODU4ODY5MiwianRpIjoiTk9UX1NFVCIsImlhdCI6MTU4NzU4ODM5MiwiaXNzIjoiYXV0aCIsIm5iZiI6MTU4NzU4ODM5Miwic3ViIjoicmVnaXN0ZXIifQ.bQjWaMAxrl7dgK2JO5ZOBGXiGtf-O82tquyolRwYS3U
came through
k: Authorization v: eyJhbGciOiJIUzI1NiIsInR5cCI6IkpXVCJ9.eyJhdWQiOiJzaWduaW5fdXNlciIsImV4cCI6MTY5ODU4ODY5MiwianRpIjoiTk9UX1NFVCIsImlhdCI6MTU4NzU4ODM5MiwiaXNzIjoiYXV0aCIsIm5iZiI6MTU4NzU4ODM5Miwic3ViIjoicmVnaXN0ZXIifQ.bQjWaMAxrl7dgK2JO5ZOBGXiGtf-O82tquyolRwYS3U
came through
k: Authorization v: eyJhbGciOiJIUzI1NiIsInR5cCI6IkpXVCJ9.eyJhdWQiOiJzaWduaW5fdXNlciIsImV4cCI6MTY5ODU4ODY5MiwianRpIjoiTk9UX1NFVCIsImlhdCI6MTU4NzU4ODM5MiwiaXNzIjoiYXV0aCIsIm5iZiI6MTU4NzU4ODM5Miwic3ViIjoicmVnaXN0ZXIifQ.bQjWaMAxrl7dgK2JO5ZOBGXiGtf-O82tquyolRwYS3U
came through
k: Authorization v: eyJhbGciOiJIUzI1NiIsInR5cCI6IkpXVCJ9.eyJhdWQiOiJzaWduaW5fdXNlciIsImV4cCI6MTY5ODU4ODY5MiwianRpIjoiTk9UX1NFVCIsImlhdCI6MTU4NzU4ODM5MiwiaXNzIjoiYXV0aCIsIm5iZiI6MTU4NzU4ODM5Miwic3ViIjoicmVnaXN0ZXIifQ.bQjWaMAxrl7dgK2JO5ZOBGXiGtf-O82tquyolRwYS3U
came through
k: Authorization v: eyJhbGciOiJIUzI1NiIsInR5cCI6IkpXVCJ9.eyJhdWQiOiJzaWduaW5fdXNlciIsImV4cCI6MTY5ODU4ODY5MiwianRpIjoiTk9UX1NFVCIsImlhdCI6MTU4NzU4ODM5MiwiaXNzIjoiYXV0aCIsIm5iZiI6MTU4NzU4ODM5Miwic3ViIjoicmVnaXN0ZXIifQ.bQjWaMAxrl7dgK2JO5ZOBGXiGtf-O82tquyolRwYS3U
came through
k: Authorization v: eyJhbGciOiJIUzI1NiIsInR5cCI6IkpXVCJ9.eyJhdWQiOiJzaWduaW5fdXNlciIsImV4cCI6MTY5ODU4ODY5MiwianRpIjoiTk9UX1NFVCIsImlhdCI6MTU4NzU4ODM5MiwiaXNzIjoiYXV0aCIsIm5iZiI6MTU4NzU4ODM5Miwic3ViIjoicmVnaXN0ZXIifQ.bQjWaMAxrl7dgK2JO5ZOBGXiGtf-O82tquyolRwYS3U
came through
k: Authorization v: eyJhbGciOiJIUzI1NiIsInR5cCI6IkpXVCJ9.eyJhdWQiOiJzaWduaW5fdXNlciIsImV4cCI6MTY5ODU4ODY5MiwianRpIjoiTk9UX1NFVCIsImlhdCI6MTU4NzU4ODM5MiwiaXNzIjoiYXV0aCIsIm5iZiI6MTU4NzU4ODM5Miwic3ViIjoicmVnaXN0ZXIifQ.bQjWaMAxrl7dgK2JO5ZOBGXiGtf-O82tquyolRwYS3U
came through
k: Authorization v: eyJhbGciOiJIUzI1NiIsInR5cCI6IkpXVCJ9.eyJhdWQiOiJzaWduaW5fdXNlciIsImV4cCI6MTY5ODU4ODY5MiwianRpIjoiTk9UX1NFVCIsImlhdCI6MTU4NzU4ODM5MiwiaXNzIjoiYXV0aCIsIm5iZiI6MTU4NzU4ODM5Miwic3ViIjoicmVnaXN0ZXIifQ.bQjWaMAxrl7dgK2JO5ZOBGXiGtf-O82tquyolRwYS3U
came through
k: Authorization v: eyJhbGciOiJIUzI1NiIsInR5cCI6IkpXVCJ9.eyJhdWQiOiJzaWduaW5fdXNlciIsImV4cCI6MTY5ODU4ODY5MiwianRpIjoiTk9UX1NFVCIsImlhdCI6MTU4NzU4ODM5MiwiaXNzIjoiYXV0aCIsIm5iZiI6MTU4NzU4ODM5Miwic3ViIjoicmVnaXN0ZXIifQ.bQjWaMAxrl7dgK2JO5ZOBGXiGtf-O82tquyolRwYS3U
came through
k: Authorization v: eyJhbGciOiJIUzI1NiIsInR5cCI6IkpXVCJ9.eyJhdWQiOiJzaWduaW5fdXNlciIsImV4cCI6MTY5ODU4ODY5MiwianRpIjoiTk9UX1NFVCIsImlhdCI6MTU4NzU4ODM5MiwiaXNzIjoiYXV0aCIsIm5iZiI6MTU4NzU4ODM5Miwic3ViIjoicmVnaXN0ZXIifQ.bQjWaMAxrl7dgK2JO5ZOBGXiGtf-O82tquyolRwYS3U
came through
k: Authorization v: eyJhbGciOiJIUzI1NiIsInR5cCI6IkpXVCJ9.eyJhdWQiOiJzaWduaW5fdXNlciIsImV4cCI6MTY5ODU4ODY5MiwianRpIjoiTk9UX1NFVCIsImlhdCI6MTU4NzU4ODM5MiwiaXNzIjoiYXV0aCIsIm5iZiI6MTU4NzU4ODM5Miwic3ViIjoicmVnaXN0ZXIifQ.bQjWaMAxrl7dgK2JO5ZOBGXiGtf-O82tquyolRwYS3U
came through
k: Authorization v: eyJhbGciOiJIUzI1NiIsInR5cCI6IkpXVCJ9.eyJhdWQiOiJzaWduaW5fdXNlciIsImV4cCI6MTY5ODU4ODY5MiwianRpIjoiTk9UX1NFVCIsImlhdCI6MTU4NzU4ODM5MiwiaXNzIjoiYXV0aCIsIm5iZiI6MTU4NzU4ODM5Miwic3ViIjoicmVnaXN0ZXIifQ.bQjWaMAxrl7dgK2JO5ZOBGXiGtf-O82tquyolRwYS3U
came through
k: Authorization v: eyJhbGciOiJIUzI1NiIsInR5cCI6IkpXVCJ9.eyJhdWQiOiJzaWduaW5fdXNlciIsImV4cCI6MTY5ODU4ODY5MiwianRpIjoiTk9UX1NFVCIsImlhdCI6MTU4NzU4ODM5MiwiaXNzIjoiYXV0aCIsIm5iZiI6MTU4NzU4ODM5Miwic3ViIjoicmVnaXN0ZXIifQ.bQjWaMAxrl7dgK2JO5ZOBGXiGtf-O82tquyolRwYS3U
came through
k: Authorization v: eyJhbGciOiJIUzI1NiIsInR5cCI6IkpXVCJ9.eyJhdWQiOiJzaWduaW5fdXNlciIsImV4cCI6MTY5ODU4ODY5MiwianRpIjoiTk9UX1NFVCIsImlhdCI6MTU4NzU4ODM5MiwiaXNzIjoiYXV0aCIsIm5iZiI6MTU4NzU4ODM5Miwic3ViIjoicmVnaXN0ZXIifQ.bQjWaMAxrl7dgK2JO5ZOBGXiGtf-O82tquyolRwYS3U
came through
k: Authorization v: eyJhbGciOiJIUzI1NiIsInR5cCI6IkpXVCJ9.eyJhdWQiOiJzaWduaW5fdXNlciIsImV4cCI6MTY5ODU4ODY5MiwianRpIjoiTk9UX1NFVCIsImlhdCI6MTU4NzU4ODM5MiwiaXNzIjoiYXV0aCIsIm5iZiI6MTU4NzU4ODM5Miwic3ViIjoicmVnaXN0ZXIifQ.bQjWaMAxrl7dgK2JO5ZOBGXiGtf-O82tquyolRwYS3U
came through
k: Authorization v: eyJhbGciOiJIUzI1NiIsInR5cCI6IkpXVCJ9.eyJhdWQiOiJzaWduaW5fdXNlciIsImV4cCI6MTY5ODU4ODY5MiwianRpIjoiTk9UX1NFVCIsImlhdCI6MTU4NzU4ODM5MiwiaXNzIjoiYXV0aCIsIm5iZiI6MTU4NzU4ODM5Miwic3ViIjoicmVnaXN0ZXIifQ.bQjWaMAxrl7dgK2JO5ZOBGXiGtf-O82tquyolRwYS3U
came through
k: Authorization v: eyJhbGciOiJIUzI1NiIsInR5cCI6IkpXVCJ9.eyJhdWQiOiJzaWduaW5fdXNlciIsImV4cCI6MTY5ODU4ODY5MiwianRpIjoiTk9UX1NFVCIsImlhdCI6MTU4NzU4ODM5MiwiaXNzIjoiYXV0aCIsIm5iZiI6MTU4NzU4ODM5Miwic3ViIjoicmVnaXN0ZXIifQ.bQjWaMAxrl7dgK2JO5ZOBGXiGtf-O82tquyolRwYS3U
came through
k: Authorization v: eyJhbGciOiJIUzI1NiIsInR5cCI6IkpXVCJ9.eyJhdWQiOiJzaWduaW5fdXNlciIsImV4cCI6MTY5ODU4ODY5MiwianRpIjoiTk9UX1NFVCIsImlhdCI6MTU4NzU4ODM5MiwiaXNzIjoiYXV0aCIsIm5iZiI6MTU4NzU4ODM5Miwic3ViIjoicmVnaXN0ZXIifQ.bQjWaMAxrl7dgK2JO5ZOBGXiGtf-O82tquyolRwYS3U
came through
k: Authorization v: eyJhbGciOiJIUzI1NiIsInR5cCI6IkpXVCJ9.eyJhdWQiOiJzaWduaW5fdXNlciIsImV4cCI6MTY5ODU4ODY5MiwianRpIjoiTk9UX1NFVCIsImlhdCI6MTU4NzU4ODM5MiwiaXNzIjoiYXV0aCIsIm5iZiI6MTU4NzU4ODM5Miwic3ViIjoicmVnaXN0ZXIifQ.bQjWaMAxrl7dgK2JO5ZOBGXiGtf-O82tquyolRwYS3U
came through
k: Authorization v: eyJhbGciOiJIUzI1NiIsInR5cCI6IkpXVCJ9.eyJhdWQiOiJzaWduaW5fdXNlciIsImV4cCI6MTY5ODU4ODY5MiwianRpIjoiTk9UX1NFVCIsImlhdCI6MTU4NzU4ODM5MiwiaXNzIjoiYXV0aCIsIm5iZiI6MTU4NzU4ODM5Miwic3ViIjoicmVnaXN0ZXIifQ.bQjWaMAxrl7dgK2JO5ZOBGXiGtf-O82tquyolRwYS3U
came through
k: Authorization v: eyJhbGciOiJIUzI1NiIsInR5cCI6IkpXVCJ9.eyJhdWQiOiJzaWduaW5fdXNlciIsImV4cCI6MTY5ODU4ODY5MiwianRpIjoiTk9UX1NFVCIsImlhdCI6MTU4NzU4ODM5MiwiaXNzIjoiYXV0aCIsIm5iZiI6MTU4NzU4ODM5Miwic3ViIjoicmVnaXN0ZXIifQ.bQjWaMAxrl7dgK2JO5ZOBGXiGtf-O82tquyolRwYS3U
came through
k: Authorization v: eyJhbGciOiJIUzI1NiIsInR5cCI6IkpXVCJ9.eyJhdWQiOiJzaWduaW5fdXNlciIsImV4cCI6MTY5ODU4ODY5MiwianRpIjoiTk9UX1NFVCIsImlhdCI6MTU4NzU4ODM5MiwiaXNzIjoiYXV0aCIsIm5iZiI6MTU4NzU4ODM5Miwic3ViIjoicmVnaXN0ZXIifQ.bQjWaMAxrl7dgK2JO5ZOBGXiGtf-O82tquyolRwYS3U
came through
k: Authorization v: eyJhbGciOiJIUzI1NiIsInR5cCI6IkpXVCJ9.eyJhdWQiOiJzaWduaW5fdXNlciIsImV4cCI6MTY5ODU4ODY5MiwianRpIjoiTk9UX1NFVCIsImlhdCI6MTU4NzU4ODM5MiwiaXNzIjoiYXV0aCIsIm5iZiI6MTU4NzU4ODM5Miwic3ViIjoicmVnaXN0ZXIifQ.bQjWaMAxrl7dgK2JO5ZOBGXiGtf-O82tquyolRwYS3U
came through
k: Authorization v: eyJhbGciOiJIUzI1NiIsInR5cCI6IkpXVCJ9.eyJhdWQiOiJzaWduaW5fdXNlciIsImV4cCI6MTY5ODU4ODY5MiwianRpIjoiTk9UX1NFVCIsImlhdCI6MTU4NzU4ODM5MiwiaXNzIjoiYXV0aCIsIm5iZiI6MTU4NzU4ODM5Miwic3ViIjoicmVnaXN0ZXIifQ.bQjWaMAxrl7dgK2JO5ZOBGXiGtf-O82tquyolRwYS3U
came through
k: Authorization v: eyJhbGciOiJIUzI1NiIsInR5cCI6IkpXVCJ9.eyJhdWQiOiJzaWduaW5fdXNlciIsImV4cCI6MTY5ODU4ODY5MiwianRpIjoiTk9UX1NFVCIsImlhdCI6MTU4NzU4ODM5MiwiaXNzIjoiYXV0aCIsIm5iZiI6MTU4NzU4ODM5Miwic3ViIjoicmVnaXN0ZXIifQ.bQjWaMAxrl7dgK2JO5ZOBGXiGtf-O82tquyolRwYS3U
came through
k: Authorization v: eyJhbGciOiJIUzI1NiIsInR5cCI6IkpXVCJ9.eyJhdWQiOiJzaWduaW5fdXNlciIsImV4cCI6MTY5ODU4ODY5MiwianRpIjoiTk9UX1NFVCIsImlhdCI6MTU4NzU4ODM5MiwiaXNzIjoiYXV0aCIsIm5iZiI6MTU4NzU4ODM5Miwic3ViIjoicmVnaXN0ZXIifQ.bQjWaMAxrl7dgK2JO5ZOBGXiGtf-O82tquyolRwYS3U
came through
k: Authorization v: eyJhbGciOiJIUzI1NiIsInR5cCI6IkpXVCJ9.eyJhdWQiOiJzaWduaW5fdXNlciIsImV4cCI6MTY5ODU4ODY5MiwianRpIjoiTk9UX1NFVCIsImlhdCI6MTU4NzU4ODM5MiwiaXNzIjoiYXV0aCIsIm5iZiI6MTU4NzU4ODM5Miwic3ViIjoicmVnaXN0ZXIifQ.bQjWaMAxrl7dgK2JO5ZOBGXiGtf-O82tquyolRwYS3U
came through
k: Authorization v: eyJhbGciOiJIUzI1NiIsInR5cCI6IkpXVCJ9.eyJhdWQiOiJzaWduaW5fdXNlciIsImV4cCI6MTY5ODU4ODY5MiwianRpIjoiTk9UX1NFVCIsImlhdCI6MTU4NzU4ODM5MiwiaXNzIjoiYXV0aCIsIm5iZiI6MTU4NzU4ODM5Miwic3ViIjoicmVnaXN0ZXIifQ.bQjWaMAxrl7dgK2JO5ZOBGXiGtf-O82tquyolRwYS3U
came through
k: Authorization v: eyJhbGciOiJIUzI1NiIsInR5cCI6IkpXVCJ9.eyJhdWQiOiJzaWduaW5fdXNlciIsImV4cCI6MTY5ODU4ODY5MiwianRpIjoiTk9UX1NFVCIsImlhdCI6MTU4NzU4ODM5MiwiaXNzIjoiYXV0aCIsIm5iZiI6MTU4NzU4ODM5Miwic3ViIjoicmVnaXN0ZXIifQ.bQjWaMAxrl7dgK2JO5ZOBGXiGtf-O82tquyolRwYS3U
